[2025-02-19T00:57:06.619+0000] {local_task_job_runner.py:123} INFO - ::group::Pre task execution logs
[2025-02-19T00:57:06.639+0000] {taskinstance.py:2614} INFO - Dependencies all met for dep_context=non-requeueable deps ti=<TaskInstance: glue_creditflow_etl.run_glue_job manual__2025-02-19T00:46:54.727500+00:00 [queued]>
[2025-02-19T00:57:06.648+0000] {taskinstance.py:2614} INFO - Dependencies all met for dep_context=requeueable deps ti=<TaskInstance: glue_creditflow_etl.run_glue_job manual__2025-02-19T00:46:54.727500+00:00 [queued]>
[2025-02-19T00:57:06.649+0000] {taskinstance.py:2867} INFO - Starting attempt 3 of 4
[2025-02-19T00:57:06.667+0000] {taskinstance.py:2890} INFO - Executing <Task(GlueJobOperator): run_glue_job> on 2025-02-19 00:46:54.727500+00:00
[2025-02-19T00:57:06.675+0000] {warnings.py:112} WARNING - /home/***/.local/lib/python3.12/site-packages/***/task/task_runner/standard_task_runner.py:70: DeprecationWarning: This process (pid=452) is multi-threaded, use of fork() may lead to deadlocks in the child.
  pid = os.fork()

[2025-02-19T00:57:06.677+0000] {standard_task_runner.py:72} INFO - Started process 454 to run task
[2025-02-19T00:57:06.678+0000] {standard_task_runner.py:104} INFO - Running: ['***', 'tasks', 'run', 'glue_creditflow_etl', 'run_glue_job', 'manual__2025-02-19T00:46:54.727500+00:00', '--job-id', '6', '--raw', '--subdir', 'DAGS_FOLDER/glue_creditflow_dag.py', '--cfg-path', '/tmp/tmptguri3gb']
[2025-02-19T00:57:06.679+0000] {standard_task_runner.py:105} INFO - Job 6: Subtask run_glue_job
[2025-02-19T00:57:06.734+0000] {task_command.py:467} INFO - Running <TaskInstance: glue_creditflow_etl.run_glue_job manual__2025-02-19T00:46:54.727500+00:00 [running]> on host 22bdefdf8d0b
[2025-02-19T00:57:06.820+0000] {taskinstance.py:3134} INFO - Exporting env vars: AIRFLOW_CTX_DAG_OWNER='***' AIRFLOW_CTX_DAG_ID='glue_creditflow_etl' AIRFLOW_CTX_TASK_ID='run_glue_job' AIRFLOW_CTX_EXECUTION_DATE='2025-02-19T00:46:54.727500+00:00' AIRFLOW_CTX_TRY_NUMBER='3' AIRFLOW_CTX_DAG_RUN_ID='manual__2025-02-19T00:46:54.727500+00:00'
[2025-02-19T00:57:06.822+0000] {logging_mixin.py:190} INFO - Task instance is in running state
[2025-02-19T00:57:06.822+0000] {logging_mixin.py:190} INFO -  Previous state of the Task instance: queued
[2025-02-19T00:57:06.823+0000] {logging_mixin.py:190} INFO - Current task name:run_glue_job state:running start_date:2025-02-19 00:57:06.639981+00:00
[2025-02-19T00:57:06.823+0000] {logging_mixin.py:190} INFO - Dag name:glue_creditflow_etl and current dag run status:running
[2025-02-19T00:57:06.824+0000] {taskinstance.py:732} INFO - ::endgroup::
[2025-02-19T00:57:06.824+0000] {glue.py:196} INFO - Initializing AWS Glue Job: creditflow_etl_job. Wait for completion: True
[2025-02-19T00:57:06.825+0000] {glue.py:369} INFO - Checking if job already exists: creditflow_etl_job
[2025-02-19T00:57:06.835+0000] {base.py:84} INFO - Retrieving connection 'aws_default'
[2025-02-19T00:57:06.836+0000] {connection_wrapper.py:325} INFO - AWS Connection (conn_id='aws_default', conn_type='aws') credentials retrieved from login and password.
[2025-02-19T00:57:07.572+0000] {glue.py:217} INFO - You can monitor this Glue Job run at: https://console.aws.amazon.com/gluestudio/home?region=sa-east-1#/job/creditflow_etl_job/run/jr_fbf03c768e5577e01f161c418573f43ba4a5e651d3f533410b363bff57975d2d
[2025-02-19T00:57:07.626+0000] {glue.py:352} INFO - Polling for AWS Glue Job creditflow_etl_job current run state with status RUNNING
[2025-02-19T00:57:13.726+0000] {glue.py:352} INFO - Polling for AWS Glue Job creditflow_etl_job current run state with status RUNNING
[2025-02-19T00:57:19.666+0000] {glue.py:352} INFO - Polling for AWS Glue Job creditflow_etl_job current run state with status RUNNING
[2025-02-19T00:57:25.748+0000] {glue.py:352} INFO - Polling for AWS Glue Job creditflow_etl_job current run state with status RUNNING
[2025-02-19T00:57:31.833+0000] {glue.py:352} INFO - Polling for AWS Glue Job creditflow_etl_job current run state with status RUNNING
[2025-02-19T00:57:37.930+0000] {glue.py:352} INFO - Polling for AWS Glue Job creditflow_etl_job current run state with status RUNNING
[2025-02-19T00:57:44.006+0000] {glue.py:352} INFO - Polling for AWS Glue Job creditflow_etl_job current run state with status RUNNING
[2025-02-19T00:57:49.914+0000] {glue.py:352} INFO - Polling for AWS Glue Job creditflow_etl_job current run state with status RUNNING
[2025-02-19T00:57:55.977+0000] {glue.py:352} INFO - Polling for AWS Glue Job creditflow_etl_job current run state with status RUNNING
[2025-02-19T00:58:02.054+0000] {glue.py:352} INFO - Polling for AWS Glue Job creditflow_etl_job current run state with status RUNNING
[2025-02-19T00:58:08.151+0000] {glue.py:352} INFO - Polling for AWS Glue Job creditflow_etl_job current run state with status RUNNING
[2025-02-19T00:58:14.223+0000] {glue.py:352} INFO - Polling for AWS Glue Job creditflow_etl_job current run state with status RUNNING
[2025-02-19T00:58:20.129+0000] {glue.py:345} INFO - Exiting Job jr_fbf03c768e5577e01f161c418573f43ba4a5e651d3f533410b363bff57975d2d Run State: SUCCEEDED
[2025-02-19T00:58:20.130+0000] {glue.py:234} INFO - AWS Glue Job: creditflow_etl_job status: SUCCEEDED. Run Id: jr_fbf03c768e5577e01f161c418573f43ba4a5e651d3f533410b363bff57975d2d
[2025-02-19T00:58:20.156+0000] {taskinstance.py:341} INFO - ::group::Post task execution logs
[2025-02-19T00:58:20.157+0000] {taskinstance.py:353} INFO - Marking task as SUCCESS. dag_id=glue_creditflow_etl, task_id=run_glue_job, run_id=manual__2025-02-19T00:46:54.727500+00:00, execution_date=20250219T004654, start_date=20250219T005706, end_date=20250219T005820
[2025-02-19T00:58:20.180+0000] {logging_mixin.py:190} INFO - Task instance in success state
[2025-02-19T00:58:20.181+0000] {logging_mixin.py:190} INFO -  Previous state of the Task instance: running
[2025-02-19T00:58:20.181+0000] {logging_mixin.py:190} INFO - Dag name:glue_creditflow_etl queued_at:2025-02-19 00:46:54.753008+00:00
[2025-02-19T00:58:20.181+0000] {logging_mixin.py:190} INFO - Task hostname:22bdefdf8d0b operator:GlueJobOperator
[2025-02-19T00:58:20.215+0000] {local_task_job_runner.py:266} INFO - Task exited with return code 0
[2025-02-19T00:58:20.244+0000] {taskinstance.py:3901} INFO - 0 downstream tasks scheduled from follow-on schedule check
[2025-02-19T00:58:20.249+0000] {local_task_job_runner.py:245} INFO - ::endgroup::
