[2025-02-19T01:16:53.740+0000] {local_task_job_runner.py:123} INFO - ::group::Pre task execution logs
[2025-02-19T01:16:53.757+0000] {taskinstance.py:2614} INFO - Dependencies all met for dep_context=non-requeueable deps ti=<TaskInstance: glue_creditflow_etl.run_glue_job manual__2025-02-19T01:03:50.933703+00:00 [queued]>
[2025-02-19T01:16:53.766+0000] {taskinstance.py:2614} INFO - Dependencies all met for dep_context=requeueable deps ti=<TaskInstance: glue_creditflow_etl.run_glue_job manual__2025-02-19T01:03:50.933703+00:00 [queued]>
[2025-02-19T01:16:53.768+0000] {taskinstance.py:2867} INFO - Starting attempt 3 of 4
[2025-02-19T01:16:53.783+0000] {taskinstance.py:2890} INFO - Executing <Task(GlueJobOperator): run_glue_job> on 2025-02-19 01:03:50.933703+00:00
[2025-02-19T01:16:53.790+0000] {warnings.py:112} WARNING - /home/***/.local/lib/python3.12/site-packages/***/task/task_runner/standard_task_runner.py:70: DeprecationWarning: This process (pid=717) is multi-threaded, use of fork() may lead to deadlocks in the child.
  pid = os.fork()

[2025-02-19T01:16:53.792+0000] {standard_task_runner.py:72} INFO - Started process 719 to run task
[2025-02-19T01:16:53.793+0000] {standard_task_runner.py:104} INFO - Running: ['***', 'tasks', 'run', 'glue_creditflow_etl', 'run_glue_job', 'manual__2025-02-19T01:03:50.933703+00:00', '--job-id', '9', '--raw', '--subdir', 'DAGS_FOLDER/glue_creditflow_dag.py', '--cfg-path', '/tmp/tmpfdlpwl4t']
[2025-02-19T01:16:53.794+0000] {standard_task_runner.py:105} INFO - Job 9: Subtask run_glue_job
[2025-02-19T01:16:53.844+0000] {task_command.py:467} INFO - Running <TaskInstance: glue_creditflow_etl.run_glue_job manual__2025-02-19T01:03:50.933703+00:00 [running]> on host 22bdefdf8d0b
[2025-02-19T01:16:53.938+0000] {taskinstance.py:3134} INFO - Exporting env vars: AIRFLOW_CTX_DAG_OWNER='***' AIRFLOW_CTX_DAG_ID='glue_creditflow_etl' AIRFLOW_CTX_TASK_ID='run_glue_job' AIRFLOW_CTX_EXECUTION_DATE='2025-02-19T01:03:50.933703+00:00' AIRFLOW_CTX_TRY_NUMBER='3' AIRFLOW_CTX_DAG_RUN_ID='manual__2025-02-19T01:03:50.933703+00:00'
[2025-02-19T01:16:53.940+0000] {logging_mixin.py:190} INFO - Task instance is in running state
[2025-02-19T01:16:53.941+0000] {logging_mixin.py:190} INFO -  Previous state of the Task instance: queued
[2025-02-19T01:16:53.942+0000] {logging_mixin.py:190} INFO - Current task name:run_glue_job state:running start_date:2025-02-19 01:16:53.758506+00:00
[2025-02-19T01:16:53.942+0000] {logging_mixin.py:190} INFO - Dag name:glue_creditflow_etl and current dag run status:running
[2025-02-19T01:16:53.942+0000] {taskinstance.py:732} INFO - ::endgroup::
[2025-02-19T01:16:53.943+0000] {glue.py:196} INFO - Initializing AWS Glue Job: creditflow_etl_job. Wait for completion: True
[2025-02-19T01:16:53.944+0000] {glue.py:369} INFO - Checking if job already exists: creditflow_etl_job
[2025-02-19T01:16:53.954+0000] {base.py:84} INFO - Retrieving connection 'aws_default'
[2025-02-19T01:16:53.955+0000] {connection_wrapper.py:325} INFO - AWS Connection (conn_id='aws_default', conn_type='aws') credentials retrieved from login and password.
[2025-02-19T01:16:54.724+0000] {glue.py:217} INFO - You can monitor this Glue Job run at: https://console.aws.amazon.com/gluestudio/home?region=sa-east-1#/job/creditflow_etl_job/run/jr_0944a323cb625220f6b380df4414522fc906debec47e17b3849cdd2302ec8b5a
[2025-02-19T01:16:54.795+0000] {glue.py:352} INFO - Polling for AWS Glue Job creditflow_etl_job current run state with status RUNNING
[2025-02-19T01:17:00.876+0000] {glue.py:352} INFO - Polling for AWS Glue Job creditflow_etl_job current run state with status RUNNING
[2025-02-19T01:17:06.963+0000] {glue.py:352} INFO - Polling for AWS Glue Job creditflow_etl_job current run state with status RUNNING
[2025-02-19T01:17:13.070+0000] {glue.py:352} INFO - Polling for AWS Glue Job creditflow_etl_job current run state with status RUNNING
[2025-02-19T01:17:19.004+0000] {glue.py:352} INFO - Polling for AWS Glue Job creditflow_etl_job current run state with status RUNNING
[2025-02-19T01:17:25.069+0000] {glue.py:352} INFO - Polling for AWS Glue Job creditflow_etl_job current run state with status RUNNING
[2025-02-19T01:17:31.154+0000] {glue.py:352} INFO - Polling for AWS Glue Job creditflow_etl_job current run state with status RUNNING
[2025-02-19T01:17:37.220+0000] {glue.py:352} INFO - Polling for AWS Glue Job creditflow_etl_job current run state with status RUNNING
[2025-02-19T01:17:43.152+0000] {glue.py:352} INFO - Polling for AWS Glue Job creditflow_etl_job current run state with status RUNNING
[2025-02-19T01:17:49.226+0000] {glue.py:352} INFO - Polling for AWS Glue Job creditflow_etl_job current run state with status RUNNING
[2025-02-19T01:17:55.322+0000] {glue.py:352} INFO - Polling for AWS Glue Job creditflow_etl_job current run state with status RUNNING
[2025-02-19T01:18:01.397+0000] {glue.py:352} INFO - Polling for AWS Glue Job creditflow_etl_job current run state with status RUNNING
[2025-02-19T01:18:07.466+0000] {glue.py:352} INFO - Polling for AWS Glue Job creditflow_etl_job current run state with status STOPPING
[2025-02-19T01:18:13.371+0000] {glue.py:345} INFO - Exiting Job jr_0944a323cb625220f6b380df4414522fc906debec47e17b3849cdd2302ec8b5a Run State: STOPPED
[2025-02-19T01:18:13.372+0000] {glue.py:234} INFO - AWS Glue Job: creditflow_etl_job status: STOPPED. Run Id: jr_0944a323cb625220f6b380df4414522fc906debec47e17b3849cdd2302ec8b5a
[2025-02-19T01:18:13.396+0000] {taskinstance.py:341} INFO - ::group::Post task execution logs
[2025-02-19T01:18:13.397+0000] {taskinstance.py:353} INFO - Marking task as SUCCESS. dag_id=glue_creditflow_etl, task_id=run_glue_job, run_id=manual__2025-02-19T01:03:50.933703+00:00, execution_date=20250219T010350, start_date=20250219T011653, end_date=20250219T011813
[2025-02-19T01:18:13.423+0000] {logging_mixin.py:190} INFO - Task instance in success state
[2025-02-19T01:18:13.423+0000] {logging_mixin.py:190} INFO -  Previous state of the Task instance: running
[2025-02-19T01:18:13.424+0000] {logging_mixin.py:190} INFO - Dag name:glue_creditflow_etl queued_at:2025-02-19 01:03:50.956542+00:00
[2025-02-19T01:18:13.424+0000] {logging_mixin.py:190} INFO - Task hostname:22bdefdf8d0b operator:GlueJobOperator
[2025-02-19T01:18:13.468+0000] {local_task_job_runner.py:266} INFO - Task exited with return code 0
[2025-02-19T01:18:13.497+0000] {taskinstance.py:3901} INFO - 0 downstream tasks scheduled from follow-on schedule check
[2025-02-19T01:18:13.501+0000] {local_task_job_runner.py:245} INFO - ::endgroup::
