[2025-02-19T01:46:35.962+0000] {local_task_job_runner.py:123} INFO - ::group::Pre task execution logs
[2025-02-19T01:46:35.979+0000] {taskinstance.py:2614} INFO - Dependencies all met for dep_context=non-requeueable deps ti=<TaskInstance: glue_creditflow_etl.run_glue_job manual__2025-02-19T01:40:34.465535+00:00 [queued]>
[2025-02-19T01:46:35.988+0000] {taskinstance.py:2614} INFO - Dependencies all met for dep_context=requeueable deps ti=<TaskInstance: glue_creditflow_etl.run_glue_job manual__2025-02-19T01:40:34.465535+00:00 [queued]>
[2025-02-19T01:46:35.989+0000] {taskinstance.py:2867} INFO - Starting attempt 2 of 4
[2025-02-19T01:46:36.006+0000] {taskinstance.py:2890} INFO - Executing <Task(GlueJobOperator): run_glue_job> on 2025-02-19 01:40:34.465535+00:00
[2025-02-19T01:46:36.013+0000] {warnings.py:112} WARNING - /home/***/.local/lib/python3.12/site-packages/***/task/task_runner/standard_task_runner.py:70: DeprecationWarning: This process (pid=1106) is multi-threaded, use of fork() may lead to deadlocks in the child.
  pid = os.fork()

[2025-02-19T01:46:36.015+0000] {standard_task_runner.py:72} INFO - Started process 1108 to run task
[2025-02-19T01:46:36.015+0000] {standard_task_runner.py:104} INFO - Running: ['***', 'tasks', 'run', 'glue_creditflow_etl', 'run_glue_job', 'manual__2025-02-19T01:40:34.465535+00:00', '--job-id', '11', '--raw', '--subdir', 'DAGS_FOLDER/glue_creditflow_dag.py', '--cfg-path', '/tmp/tmp2we4zanq']
[2025-02-19T01:46:36.017+0000] {standard_task_runner.py:105} INFO - Job 11: Subtask run_glue_job
[2025-02-19T01:46:36.065+0000] {task_command.py:467} INFO - Running <TaskInstance: glue_creditflow_etl.run_glue_job manual__2025-02-19T01:40:34.465535+00:00 [running]> on host 22bdefdf8d0b
[2025-02-19T01:46:36.159+0000] {taskinstance.py:3134} INFO - Exporting env vars: AIRFLOW_CTX_DAG_OWNER='***' AIRFLOW_CTX_DAG_ID='glue_creditflow_etl' AIRFLOW_CTX_TASK_ID='run_glue_job' AIRFLOW_CTX_EXECUTION_DATE='2025-02-19T01:40:34.465535+00:00' AIRFLOW_CTX_TRY_NUMBER='2' AIRFLOW_CTX_DAG_RUN_ID='manual__2025-02-19T01:40:34.465535+00:00'
[2025-02-19T01:46:36.161+0000] {logging_mixin.py:190} INFO - Task instance is in running state
[2025-02-19T01:46:36.162+0000] {logging_mixin.py:190} INFO -  Previous state of the Task instance: queued
[2025-02-19T01:46:36.163+0000] {logging_mixin.py:190} INFO - Current task name:run_glue_job state:running start_date:2025-02-19 01:46:35.979980+00:00
[2025-02-19T01:46:36.163+0000] {logging_mixin.py:190} INFO - Dag name:glue_creditflow_etl and current dag run status:running
[2025-02-19T01:46:36.164+0000] {taskinstance.py:732} INFO - ::endgroup::
[2025-02-19T01:46:36.165+0000] {glue.py:196} INFO - Initializing AWS Glue Job: creditflow_etl_job. Wait for completion: True
[2025-02-19T01:46:36.165+0000] {glue.py:369} INFO - Checking if job already exists: creditflow_etl_job
[2025-02-19T01:46:36.176+0000] {base.py:84} INFO - Retrieving connection 'aws_default'
[2025-02-19T01:46:36.177+0000] {connection_wrapper.py:325} INFO - AWS Connection (conn_id='aws_default', conn_type='aws') credentials retrieved from login and password.
[2025-02-19T01:46:36.950+0000] {glue.py:217} INFO - You can monitor this Glue Job run at: https://console.aws.amazon.com/gluestudio/home?region=sa-east-1#/job/creditflow_etl_job/run/jr_d6e3411caafb75c67115864860ad068e41b9ec9a0981eb2e6d97115efab383db
[2025-02-19T01:46:37.011+0000] {glue.py:352} INFO - Polling for AWS Glue Job creditflow_etl_job current run state with status RUNNING
[2025-02-19T01:46:43.091+0000] {glue.py:352} INFO - Polling for AWS Glue Job creditflow_etl_job current run state with status RUNNING
[2025-02-19T01:46:49.158+0000] {glue.py:352} INFO - Polling for AWS Glue Job creditflow_etl_job current run state with status RUNNING
[2025-02-19T01:46:55.248+0000] {glue.py:352} INFO - Polling for AWS Glue Job creditflow_etl_job current run state with status RUNNING
[2025-02-19T01:47:01.315+0000] {glue.py:352} INFO - Polling for AWS Glue Job creditflow_etl_job current run state with status RUNNING
[2025-02-19T01:47:07.241+0000] {glue.py:352} INFO - Polling for AWS Glue Job creditflow_etl_job current run state with status RUNNING
[2025-02-19T01:47:13.335+0000] {glue.py:352} INFO - Polling for AWS Glue Job creditflow_etl_job current run state with status RUNNING
[2025-02-19T01:47:19.397+0000] {glue.py:352} INFO - Polling for AWS Glue Job creditflow_etl_job current run state with status RUNNING
[2025-02-19T01:47:25.483+0000] {glue.py:352} INFO - Polling for AWS Glue Job creditflow_etl_job current run state with status RUNNING
[2025-02-19T01:47:31.568+0000] {glue.py:352} INFO - Polling for AWS Glue Job creditflow_etl_job current run state with status RUNNING
[2025-02-19T01:47:37.491+0000] {glue.py:352} INFO - Polling for AWS Glue Job creditflow_etl_job current run state with status RUNNING
[2025-02-19T01:47:43.558+0000] {glue.py:352} INFO - Polling for AWS Glue Job creditflow_etl_job current run state with status RUNNING
[2025-02-19T01:47:49.610+0000] {glue.py:345} INFO - Exiting Job jr_d6e3411caafb75c67115864860ad068e41b9ec9a0981eb2e6d97115efab383db Run State: SUCCEEDED
[2025-02-19T01:47:49.611+0000] {glue.py:234} INFO - AWS Glue Job: creditflow_etl_job status: SUCCEEDED. Run Id: jr_d6e3411caafb75c67115864860ad068e41b9ec9a0981eb2e6d97115efab383db
[2025-02-19T01:47:49.642+0000] {taskinstance.py:341} INFO - ::group::Post task execution logs
[2025-02-19T01:47:49.643+0000] {taskinstance.py:353} INFO - Marking task as SUCCESS. dag_id=glue_creditflow_etl, task_id=run_glue_job, run_id=manual__2025-02-19T01:40:34.465535+00:00, execution_date=20250219T014034, start_date=20250219T014635, end_date=20250219T014749
[2025-02-19T01:47:49.671+0000] {logging_mixin.py:190} INFO - Task instance in success state
[2025-02-19T01:47:49.672+0000] {logging_mixin.py:190} INFO -  Previous state of the Task instance: running
[2025-02-19T01:47:49.672+0000] {logging_mixin.py:190} INFO - Dag name:glue_creditflow_etl queued_at:2025-02-19 01:40:34.479168+00:00
[2025-02-19T01:47:49.673+0000] {logging_mixin.py:190} INFO - Task hostname:22bdefdf8d0b operator:GlueJobOperator
[2025-02-19T01:47:49.699+0000] {local_task_job_runner.py:266} INFO - Task exited with return code 0
[2025-02-19T01:47:49.729+0000] {taskinstance.py:3901} INFO - 0 downstream tasks scheduled from follow-on schedule check
[2025-02-19T01:47:49.734+0000] {local_task_job_runner.py:245} INFO - ::endgroup::
