[2025-02-19T00:55:05.678+0000] {local_task_job_runner.py:123} INFO - ::group::Pre task execution logs
[2025-02-19T00:55:05.700+0000] {taskinstance.py:2614} INFO - Dependencies all met for dep_context=non-requeueable deps ti=<TaskInstance: glue_creditflow_etl.run_glue_job manual__2025-02-19T00:55:03.422273+00:00 [queued]>
[2025-02-19T00:55:05.708+0000] {taskinstance.py:2614} INFO - Dependencies all met for dep_context=requeueable deps ti=<TaskInstance: glue_creditflow_etl.run_glue_job manual__2025-02-19T00:55:03.422273+00:00 [queued]>
[2025-02-19T00:55:05.709+0000] {taskinstance.py:2867} INFO - Starting attempt 1 of 4
[2025-02-19T00:55:05.723+0000] {taskinstance.py:2890} INFO - Executing <Task(GlueJobOperator): run_glue_job> on 2025-02-19 00:55:03.422273+00:00
[2025-02-19T00:55:05.730+0000] {warnings.py:112} WARNING - /home/***/.local/lib/python3.12/site-packages/***/task/task_runner/standard_task_runner.py:70: DeprecationWarning: This process (pid=427) is multi-threaded, use of fork() may lead to deadlocks in the child.
  pid = os.fork()

[2025-02-19T00:55:05.732+0000] {standard_task_runner.py:72} INFO - Started process 429 to run task
[2025-02-19T00:55:05.733+0000] {standard_task_runner.py:104} INFO - Running: ['***', 'tasks', 'run', 'glue_creditflow_etl', 'run_glue_job', 'manual__2025-02-19T00:55:03.422273+00:00', '--job-id', '5', '--raw', '--subdir', 'DAGS_FOLDER/glue_creditflow_dag.py', '--cfg-path', '/tmp/tmpwq6yb51u']
[2025-02-19T00:55:05.734+0000] {standard_task_runner.py:105} INFO - Job 5: Subtask run_glue_job
[2025-02-19T00:55:05.792+0000] {task_command.py:467} INFO - Running <TaskInstance: glue_creditflow_etl.run_glue_job manual__2025-02-19T00:55:03.422273+00:00 [running]> on host 22bdefdf8d0b
[2025-02-19T00:55:05.882+0000] {taskinstance.py:3134} INFO - Exporting env vars: AIRFLOW_CTX_DAG_OWNER='***' AIRFLOW_CTX_DAG_ID='glue_creditflow_etl' AIRFLOW_CTX_TASK_ID='run_glue_job' AIRFLOW_CTX_EXECUTION_DATE='2025-02-19T00:55:03.422273+00:00' AIRFLOW_CTX_TRY_NUMBER='1' AIRFLOW_CTX_DAG_RUN_ID='manual__2025-02-19T00:55:03.422273+00:00'
[2025-02-19T00:55:05.884+0000] {logging_mixin.py:190} INFO - Task instance is in running state
[2025-02-19T00:55:05.885+0000] {logging_mixin.py:190} INFO -  Previous state of the Task instance: queued
[2025-02-19T00:55:05.885+0000] {logging_mixin.py:190} INFO - Current task name:run_glue_job state:running start_date:2025-02-19 00:55:05.700845+00:00
[2025-02-19T00:55:05.886+0000] {logging_mixin.py:190} INFO - Dag name:glue_creditflow_etl and current dag run status:running
[2025-02-19T00:55:05.886+0000] {taskinstance.py:732} INFO - ::endgroup::
[2025-02-19T00:55:05.887+0000] {glue.py:196} INFO - Initializing AWS Glue Job: creditflow_etl_job. Wait for completion: True
[2025-02-19T00:55:05.888+0000] {glue.py:369} INFO - Checking if job already exists: creditflow_etl_job
[2025-02-19T00:55:05.899+0000] {base.py:84} INFO - Retrieving connection 'aws_default'
[2025-02-19T00:55:05.900+0000] {connection_wrapper.py:325} INFO - AWS Connection (conn_id='aws_default', conn_type='aws') credentials retrieved from login and password.
[2025-02-19T00:55:06.732+0000] {glue.py:217} INFO - You can monitor this Glue Job run at: https://console.aws.amazon.com/gluestudio/home?region=sa-east-1#/job/creditflow_etl_job/run/jr_f759b19aad0565833e488e504e7871c5cd48802b3f9b5606cafcc4add4e9911f
[2025-02-19T00:55:06.799+0000] {glue.py:352} INFO - Polling for AWS Glue Job creditflow_etl_job current run state with status RUNNING
[2025-02-19T00:55:12.884+0000] {glue.py:352} INFO - Polling for AWS Glue Job creditflow_etl_job current run state with status RUNNING
[2025-02-19T00:55:18.971+0000] {glue.py:352} INFO - Polling for AWS Glue Job creditflow_etl_job current run state with status RUNNING
[2025-02-19T00:55:24.917+0000] {glue.py:352} INFO - Polling for AWS Glue Job creditflow_etl_job current run state with status RUNNING
[2025-02-19T00:55:30.986+0000] {glue.py:352} INFO - Polling for AWS Glue Job creditflow_etl_job current run state with status RUNNING
[2025-02-19T00:55:37.086+0000] {glue.py:352} INFO - Polling for AWS Glue Job creditflow_etl_job current run state with status RUNNING
[2025-02-19T00:55:43.172+0000] {glue.py:352} INFO - Polling for AWS Glue Job creditflow_etl_job current run state with status RUNNING
[2025-02-19T00:55:49.263+0000] {glue.py:352} INFO - Polling for AWS Glue Job creditflow_etl_job current run state with status RUNNING
[2025-02-19T00:55:55.180+0000] {glue.py:352} INFO - Polling for AWS Glue Job creditflow_etl_job current run state with status RUNNING
[2025-02-19T00:56:01.276+0000] {glue.py:352} INFO - Polling for AWS Glue Job creditflow_etl_job current run state with status RUNNING
[2025-02-19T00:56:07.344+0000] {glue.py:352} INFO - Polling for AWS Glue Job creditflow_etl_job current run state with status RUNNING
[2025-02-19T00:56:13.414+0000] {glue.py:352} INFO - Polling for AWS Glue Job creditflow_etl_job current run state with status RUNNING
[2025-02-19T00:56:19.337+0000] {glue.py:345} INFO - Exiting Job jr_f759b19aad0565833e488e504e7871c5cd48802b3f9b5606cafcc4add4e9911f Run State: SUCCEEDED
[2025-02-19T00:56:19.339+0000] {glue.py:234} INFO - AWS Glue Job: creditflow_etl_job status: SUCCEEDED. Run Id: jr_f759b19aad0565833e488e504e7871c5cd48802b3f9b5606cafcc4add4e9911f
[2025-02-19T00:56:19.369+0000] {taskinstance.py:341} INFO - ::group::Post task execution logs
[2025-02-19T00:56:19.370+0000] {taskinstance.py:353} INFO - Marking task as SUCCESS. dag_id=glue_creditflow_etl, task_id=run_glue_job, run_id=manual__2025-02-19T00:55:03.422273+00:00, execution_date=20250219T005503, start_date=20250219T005505, end_date=20250219T005619
[2025-02-19T00:56:19.397+0000] {logging_mixin.py:190} INFO - Task instance in success state
[2025-02-19T00:56:19.398+0000] {logging_mixin.py:190} INFO -  Previous state of the Task instance: running
[2025-02-19T00:56:19.398+0000] {logging_mixin.py:190} INFO - Dag name:glue_creditflow_etl queued_at:2025-02-19 00:55:03.445838+00:00
[2025-02-19T00:56:19.399+0000] {logging_mixin.py:190} INFO - Task hostname:22bdefdf8d0b operator:GlueJobOperator
[2025-02-19T00:56:19.446+0000] {local_task_job_runner.py:266} INFO - Task exited with return code 0
[2025-02-19T00:56:19.475+0000] {taskinstance.py:3901} INFO - 0 downstream tasks scheduled from follow-on schedule check
[2025-02-19T00:56:19.480+0000] {local_task_job_runner.py:245} INFO - ::endgroup::
